<?xml version="1.0" encoding="UTF-8"?>
<!-- Generated by org.testng.reporters.JUnitReportReporter -->
<testsuite skipped="0" hostname="DESKTOP-O2K3836" name="cucumberOptions.TestRunner" tests="1" failures="0" timestamp="09 Oct 2020 04:51:59 GMT" time="397.855" errors="0">
  <testcase name="runScenario" time="397.855" classname="cucumberOptions.TestRunner"/>
</testsuite> <!-- cucumberOptions.TestRunner -->
